2023-09-06 10:26:58,309 INFO o.a.j.u.JMeterUtils: Setting Locale to en_EN
2023-09-06 10:26:58,322 INFO o.a.j.JMeter: Loading user properties from: /opt/homebrew/Cellar/jmeter/5.6.2/libexec/bin/user.properties
2023-09-06 10:26:58,322 INFO o.a.j.JMeter: Loading system properties from: /opt/homebrew/Cellar/jmeter/5.6.2/libexec/bin/system.properties
2023-09-06 10:26:58,325 INFO o.a.j.JMeter: Copyright (c) 1998-2023 The Apache Software Foundation
2023-09-06 10:26:58,325 INFO o.a.j.JMeter: Version 5.6.2
2023-09-06 10:26:58,325 INFO o.a.j.JMeter: java.version=17.0.8.1
2023-09-06 10:26:58,325 INFO o.a.j.JMeter: java.vm.name=OpenJDK 64-Bit Server VM
2023-09-06 10:26:58,325 INFO o.a.j.JMeter: os.name=Mac OS X
2023-09-06 10:26:58,325 INFO o.a.j.JMeter: os.arch=aarch64
2023-09-06 10:26:58,325 INFO o.a.j.JMeter: os.version=13.5.1
2023-09-06 10:26:58,325 INFO o.a.j.JMeter: file.encoding=UTF-8
2023-09-06 10:26:58,325 INFO o.a.j.JMeter: java.awt.headless=null
2023-09-06 10:26:58,325 INFO o.a.j.JMeter: Max memory     =1073741824
2023-09-06 10:26:58,325 INFO o.a.j.JMeter: Available Processors =12
2023-09-06 10:26:58,329 INFO o.a.j.JMeter: Default Locale=English (EN)
2023-09-06 10:26:58,329 INFO o.a.j.JMeter: JMeter  Locale=English (EN)
2023-09-06 10:26:58,329 INFO o.a.j.JMeter: JMeterHome=/opt/homebrew/Cellar/jmeter/5.6.2/libexec
2023-09-06 10:26:58,329 INFO o.a.j.JMeter: user.dir  =/Users/macbookpro/Desktop/UAO/azure-voting-app-redis
2023-09-06 10:26:58,330 INFO o.a.j.JMeter: PWD       =/Users/macbookpro/Desktop/UAO/azure-voting-app-redis
2023-09-06 10:26:58,331 INFO o.a.j.JMeter: IP: 127.0.0.1 Name: MacBook-Pro-de-MacbookPro.local FullName: localhost
